<?xml version="1.0" encoding="UTF-8"?>
<testsuite name="com.example.listycity.CityListTest" tests="7" skipped="0" failures="0" errors="0" timestamp="2026-02-12T00:39:31.212Z" hostname="UMARVIVOBOOK" time="0.054">
  <properties/>
  <testcase name="testAddException()" classname="com.example.listycity.CityListTest" time="0.024"/>
  <testcase name="testAdd()" classname="com.example.listycity.CityListTest" time="0.01"/>
  <testcase name="testHasCity()" classname="com.example.listycity.CityListTest" time="0.003"/>
  <testcase name="testCountCities()" classname="com.example.listycity.CityListTest" time="0.002"/>
  <testcase name="testGetCities()" classname="com.example.listycity.CityListTest" time="0.003"/>
  <testcase name="testDelete()" classname="com.example.listycity.CityListTest" time="0.002"/>
  <testcase name="testDeleteException()" classname="com.example.listycity.CityListTest" time="0.003"/>
  <system-out><![CDATA[]]></system-out>
  <system-err><![CDATA[]]></system-err>
</testsuite>
